[INFO|recursive_search_dir] [2020-08-31 09:47:47,904] [loop] recursive searching ../files_volume
[INFO|recursive_search_dir] [2020-08-31 09:47:47,908] [loop] recursive searching ../files_volume/millisec_files
[INFO|<module>] [2020-08-31 09:47:47,911] --------------------file list--------------------
[INFO|<module>] [2020-08-31 09:47:47,912] file: ../files_volume/01225797052.xlsx   size: 7.757 (MB)
[INFO|<module>] [2020-08-31 09:47:47,913] file: ../files_volume/01225797247.csv   size: 29.360 (MB)
[INFO|<module>] [2020-08-31 09:47:47,913] file: ../files_volume/millisec_files/01225797225.csv   size: 0.004 (MB)
[INFO|<module>] [2020-08-31 09:47:47,914] file: ../files_volume/millisec_files/01225797226.csv   size: 0.004 (MB)
[INFO|<module>] [2020-08-31 09:47:47,915] --------------------------------------------------
[INFO|start_work] [2020-08-31 09:47:48,011] 멀티 프로세스 생성 완료 및 작업 시작..
[INFO|_consume] [2020-08-31 09:47:48,019] DB전송 프로세스 (PID : 44) Start Work
[INFO|_consume] [2020-08-31 09:47:48,022] DB전송 프로세스 (PID : 45) Start Work
[INFO|_produce] [2020-08-31 09:47:48,027] 데이터 처리 프로세스 (PID : 33) Start Work
[INFO|_produce] [2020-08-31 09:47:48,032] 데이터 처리 프로세스 (PID : 34) Start Work
[INFO|file2df] [2020-08-31 09:48:14,364] 메인 프로세스 : ../files_volume/01225797052.xlsx read 완료 (DataFrame length: 52369)
[INFO|_produce] [2020-08-31 09:48:15,137] 데이터 처리 프로세스 (PID: 34)  Fieldname: DRIVE_SPEED, length: 26185 처리중..
[INFO|_produce] [2020-08-31 09:48:15,151] 데이터 처리 프로세스 (PID: 33)  Fieldname: DRIVE_SPEED, length: 26184 처리중..
[INFO|file2df] [2020-08-31 09:48:15,334] 메인 프로세스 : ../files_volume/01225797247.csv read 완료 (DataFrame length: 122850)
[INFO|file2df] [2020-08-31 09:48:15,594] 메인 프로세스 : ../files_volume/millisec_files/01225797225.csv read 완료 (DataFrame length: 21)
[INFO|file2df] [2020-08-31 09:48:15,627] 메인 프로세스 : ../files_volume/millisec_files/01225797226.csv read 완료 (DataFrame length: 21)
[INFO|<module>] [2020-08-31 09:48:15,632] 메인 프로세스 작업 완료
[INFO|<module>] [2020-08-31 09:48:15,633] subprocess가 아직 실행 중 입니다...
[ERROR|_consume] [2020-08-31 09:48:16,069] ###/app/FILE2TSDB/pcs.pyERROR : IOError. system exits
[ERROR|_consume] [2020-08-31 09:48:16,074] ###/app/FILE2TSDB/pcs.pyERROR : IOError. system exits
[INFO|_produce] [2020-08-31 09:48:17,333] 데이터 처리 프로세스 (PID: 34)  Fieldname: DRIVE_SPEED, length: 61425 처리중..
[INFO|_produce] [2020-08-31 09:48:17,504] 데이터 처리 프로세스 (PID: 33)  Fieldname: DRIVE_SPEED, length: 61425 처리중..
[INFO|_produce] [2020-08-31 09:48:21,966] 데이터 처리 프로세스 (PID: 34)  Fieldname: DRIVE_SPEED, length: 11 처리중..
[INFO|_produce] [2020-08-31 09:48:21,977] 데이터 처리 프로세스 (PID: 34)  Fieldname: DRIVE_SPEED, length: 11 처리중..
[INFO|_produce] [2020-08-31 09:48:21,986] 데이터 처리 프로세스 (PID : 34) 정상 종료
[INFO|_produce] [2020-08-31 09:48:22,096] 데이터 처리 프로세스 (PID: 33)  Fieldname: DRIVE_SPEED, length: 10 처리중..
[INFO|_produce] [2020-08-31 09:48:22,107] 데이터 처리 프로세스 (PID: 33)  Fieldname: DRIVE_SPEED, length: 10 처리중..
[INFO|_produce] [2020-08-31 09:48:22,112] 데이터 처리 프로세스 (PID : 33) 정상 종료
